[2020-10-29 02:14:56,459] SEVERE {b7a.log.crash} - there are test failures 
java.lang.RuntimeException: there are test failures
	at org.ballerinalang.test.runtime.util.TesterinaUtils.executeTests(TesterinaUtils.java:77)
	at org.ballerinalang.test.runtime.Main.startTestSuit(Main.java:60)
	at org.ballerinalang.test.runtime.Main.main(Main.java:52)
 
[2020-10-29 02:16:34,039] SEVERE {b7a.log.crash} - there are test failures 
java.lang.RuntimeException: there are test failures
	at org.ballerinalang.test.runtime.util.TesterinaUtils.executeTests(TesterinaUtils.java:77)
	at org.ballerinalang.test.runtime.Main.startTestSuit(Main.java:60)
	at org.ballerinalang.test.runtime.Main.main(Main.java:52)
 
[2020-10-29 02:17:26,067] SEVERE {b7a.log.crash} - there are test failures 
java.lang.RuntimeException: there are test failures
	at org.ballerinalang.test.runtime.util.TesterinaUtils.executeTests(TesterinaUtils.java:77)
	at org.ballerinalang.test.runtime.Main.startTestSuit(Main.java:60)
	at org.ballerinalang.test.runtime.Main.main(Main.java:52)
 
[2020-10-29 02:17:56,661] SEVERE {b7a.log.crash} - there are test failures 
java.lang.RuntimeException: there are test failures
	at org.ballerinalang.test.runtime.util.TesterinaUtils.executeTests(TesterinaUtils.java:77)
	at org.ballerinalang.test.runtime.Main.startTestSuit(Main.java:60)
	at org.ballerinalang.test.runtime.Main.main(Main.java:52)
 
[2020-10-29 02:18:32,521] SEVERE {b7a.log.crash} - there are test failures 
java.lang.RuntimeException: there are test failures
	at org.ballerinalang.test.runtime.util.TesterinaUtils.executeTests(TesterinaUtils.java:77)
	at org.ballerinalang.test.runtime.Main.startTestSuit(Main.java:60)
	at org.ballerinalang.test.runtime.Main.main(Main.java:52)
 
[2020-10-29 09:34:02,047] SEVERE {b7a.log.crash} - error("Error in SQL connector configuration: Failed to get driver instance for jdbcUrl=jdbc:mysql://localhost:3306/CustomerDB?serverTimezone=UTC Caused by :No suitable driver") 
org.ballerinalang.jvm.util.exceptions.BallerinaException: error("Error in SQL connector configuration: Failed to get driver instance for jdbcUrl=jdbc:mysql://localhost:3306/CustomerDB?serverTimezone=UTC Caused by :No suitable driver")
	at org.ballerinalang.test.runtime.entity.TesterinaFunction.runOnSchedule(TesterinaFunction.java:122)
	at org.ballerinalang.test.runtime.entity.TesterinaFunction.invoke(TesterinaFunction.java:56)
	at org.ballerinalang.test.runtime.BTestRunner.startSuite(BTestRunner.java:559)
	at org.ballerinalang.test.runtime.BTestRunner.execute(BTestRunner.java:287)
	at org.ballerinalang.test.runtime.BTestRunner.runTest(BTestRunner.java:106)
	at org.ballerinalang.test.runtime.util.TesterinaUtils.executeTests(TesterinaUtils.java:74)
	at org.ballerinalang.test.runtime.Main.startTestSuit(Main.java:60)
	at org.ballerinalang.test.runtime.Main.main(Main.java:52)
Caused by: error("Error in SQL connector configuration: Failed to get driver instance for jdbcUrl=jdbc:mysql://localhost:3306/CustomerDB?serverTimezone=UTC Caused by :No suitable driver")
	at org.ballerinalang.jvm.api.BErrorCreator.createDistinctError(BErrorCreator.java:156)
	at org.ballerinalang.jvm.api.BErrorCreator.createDistinctError(BErrorCreator.java:141)
	at org.ballerinalang.sql.utils.ErrorGenerator.getSQLApplicationError(ErrorGenerator.java:65)
	at org.ballerinalang.sql.datasource.SQLDatasource.buildDataSource(SQLDatasource.java:242)
	at org.ballerinalang.sql.datasource.SQLDatasource.<init>(SQLDatasource.java:55)
	at org.ballerinalang.sql.datasource.SQLDatasource.createAndInitDatasource(SQLDatasource.java:119)
	at org.ballerinalang.sql.datasource.SQLDatasource.lambda$retrieveDatasource$1(SQLDatasource.java:112)
	at java.util.concurrent.ConcurrentHashMap.computeIfAbsent(ConcurrentHashMap.java:1660)
	at org.ballerinalang.sql.datasource.SQLDatasource.retrieveDatasource(SQLDatasource.java:111)
	at org.ballerinalang.sql.utils.ClientUtils.createClient(ClientUtils.java:43)
	at org.ballerinalang.jdbc.NativeImpl.createClient(NativeImpl.java:75)
	at ballerina.java_jdbc.0_5_0.client.createClient(client.bal:147)
	at ballerina.java_jdbc.0_5_0.$value$Client.init(client.bal:44)
	at ballerina.java_jdbc.0_5_0.$value$Client.call(client.bal)
	at ballerina.java_jdbc.0_5_0.$value$Client.$init$(client.bal:22)
	at ballerina.java_jdbc.0_5_0.$value$Client.call(client.bal)
	at kapilraaj.restservice.0_1_0.restservice.$kapilraaj_restservice_0_1_0__init_0(restservice:4)
	at kapilraaj.restservice.0_1_0.$_init.$kapilraaj_restservice_0_1_0__init_(restservice:65535)
	at kapilraaj.restservice.0_1_0.$_init.$moduleInit(restservice)
	at sun.reflect.NativeMethodAccessorImpl.invoke0(Native Method)
	at sun.reflect.NativeMethodAccessorImpl.invoke(NativeMethodAccessorImpl.java:62)
	at sun.reflect.DelegatingMethodAccessorImpl.invoke(DelegatingMethodAccessorImpl.java:43)
	at java.lang.reflect.Method.invoke(Method.java:498)
	at org.ballerinalang.test.runtime.entity.TesterinaFunction.lambda$runOnSchedule$0(TesterinaFunction.java:109)
	at org.ballerinalang.jvm.scheduling.SchedulerItem.execute(Scheduler.java:500)
	at org.ballerinalang.jvm.scheduling.Scheduler.run(Scheduler.java:276)
	at org.ballerinalang.jvm.scheduling.Scheduler.runSafely(Scheduler.java:244)
	at java.lang.Thread.run(Thread.java:748)
 
[2020-10-29 09:39:21,339] SEVERE {b7a.log.crash} - error("Error in SQL connector configuration: Failed to get driver instance for jdbcUrl=jdbc:mysql://localhost:3306/CustomerDB?serverTimezone=UTC Caused by :No suitable driver") 
org.ballerinalang.jvm.util.exceptions.BallerinaException: error("Error in SQL connector configuration: Failed to get driver instance for jdbcUrl=jdbc:mysql://localhost:3306/CustomerDB?serverTimezone=UTC Caused by :No suitable driver")
	at org.ballerinalang.test.runtime.entity.TesterinaFunction.runOnSchedule(TesterinaFunction.java:122)
	at org.ballerinalang.test.runtime.entity.TesterinaFunction.invoke(TesterinaFunction.java:56)
	at org.ballerinalang.test.runtime.BTestRunner.startSuite(BTestRunner.java:559)
	at org.ballerinalang.test.runtime.BTestRunner.execute(BTestRunner.java:287)
	at org.ballerinalang.test.runtime.BTestRunner.runTest(BTestRunner.java:106)
	at org.ballerinalang.test.runtime.util.TesterinaUtils.executeTests(TesterinaUtils.java:74)
	at org.ballerinalang.test.runtime.Main.startTestSuit(Main.java:60)
	at org.ballerinalang.test.runtime.Main.main(Main.java:52)
Caused by: error("Error in SQL connector configuration: Failed to get driver instance for jdbcUrl=jdbc:mysql://localhost:3306/CustomerDB?serverTimezone=UTC Caused by :No suitable driver")
	at org.ballerinalang.jvm.api.BErrorCreator.createDistinctError(BErrorCreator.java:156)
	at org.ballerinalang.jvm.api.BErrorCreator.createDistinctError(BErrorCreator.java:141)
	at org.ballerinalang.sql.utils.ErrorGenerator.getSQLApplicationError(ErrorGenerator.java:65)
	at org.ballerinalang.sql.datasource.SQLDatasource.buildDataSource(SQLDatasource.java:242)
	at org.ballerinalang.sql.datasource.SQLDatasource.<init>(SQLDatasource.java:55)
	at org.ballerinalang.sql.datasource.SQLDatasource.createAndInitDatasource(SQLDatasource.java:119)
	at org.ballerinalang.sql.datasource.SQLDatasource.lambda$retrieveDatasource$1(SQLDatasource.java:112)
	at java.util.concurrent.ConcurrentHashMap.computeIfAbsent(ConcurrentHashMap.java:1660)
	at org.ballerinalang.sql.datasource.SQLDatasource.retrieveDatasource(SQLDatasource.java:111)
	at org.ballerinalang.sql.utils.ClientUtils.createClient(ClientUtils.java:43)
	at org.ballerinalang.jdbc.NativeImpl.createClient(NativeImpl.java:75)
	at ballerina.java_jdbc.0_5_0.client.createClient(client.bal:147)
	at ballerina.java_jdbc.0_5_0.$value$Client.init(client.bal:44)
	at ballerina.java_jdbc.0_5_0.$value$Client.call(client.bal)
	at ballerina.java_jdbc.0_5_0.$value$Client.$init$(client.bal:22)
	at ballerina.java_jdbc.0_5_0.$value$Client.call(client.bal)
	at kapilraaj.restservice.0_1_0.restservice.$kapilraaj_restservice_0_1_0__init_0(restservice:4)
	at kapilraaj.restservice.0_1_0.$_init.$kapilraaj_restservice_0_1_0__init_(restservice:65535)
	at kapilraaj.restservice.0_1_0.$_init.$moduleInit(restservice)
	at sun.reflect.NativeMethodAccessorImpl.invoke0(Native Method)
	at sun.reflect.NativeMethodAccessorImpl.invoke(NativeMethodAccessorImpl.java:62)
	at sun.reflect.DelegatingMethodAccessorImpl.invoke(DelegatingMethodAccessorImpl.java:43)
	at java.lang.reflect.Method.invoke(Method.java:498)
	at org.ballerinalang.test.runtime.entity.TesterinaFunction.lambda$runOnSchedule$0(TesterinaFunction.java:109)
	at org.ballerinalang.jvm.scheduling.SchedulerItem.execute(Scheduler.java:500)
	at org.ballerinalang.jvm.scheduling.Scheduler.run(Scheduler.java:276)
	at org.ballerinalang.jvm.scheduling.Scheduler.runSafely(Scheduler.java:244)
	at java.lang.Thread.run(Thread.java:748)
 
[2020-10-29 09:40:13,891] SEVERE {b7a.log.crash} - error("Error in SQL connector configuration: Failed to get driver instance for jdbcUrl=jdbc:mysql://localhost:3306/CustomerDB?serverTimezone=UTC Caused by :No suitable driver") 
org.ballerinalang.jvm.util.exceptions.BallerinaException: error("Error in SQL connector configuration: Failed to get driver instance for jdbcUrl=jdbc:mysql://localhost:3306/CustomerDB?serverTimezone=UTC Caused by :No suitable driver")
	at org.ballerinalang.test.runtime.entity.TesterinaFunction.runOnSchedule(TesterinaFunction.java:122)
	at org.ballerinalang.test.runtime.entity.TesterinaFunction.invoke(TesterinaFunction.java:56)
	at org.ballerinalang.test.runtime.BTestRunner.startSuite(BTestRunner.java:559)
	at org.ballerinalang.test.runtime.BTestRunner.execute(BTestRunner.java:287)
	at org.ballerinalang.test.runtime.BTestRunner.runTest(BTestRunner.java:106)
	at org.ballerinalang.test.runtime.util.TesterinaUtils.executeTests(TesterinaUtils.java:74)
	at org.ballerinalang.test.runtime.Main.startTestSuit(Main.java:60)
	at org.ballerinalang.test.runtime.Main.main(Main.java:52)
Caused by: error("Error in SQL connector configuration: Failed to get driver instance for jdbcUrl=jdbc:mysql://localhost:3306/CustomerDB?serverTimezone=UTC Caused by :No suitable driver")
	at org.ballerinalang.jvm.api.BErrorCreator.createDistinctError(BErrorCreator.java:156)
	at org.ballerinalang.jvm.api.BErrorCreator.createDistinctError(BErrorCreator.java:141)
	at org.ballerinalang.sql.utils.ErrorGenerator.getSQLApplicationError(ErrorGenerator.java:65)
	at org.ballerinalang.sql.datasource.SQLDatasource.buildDataSource(SQLDatasource.java:242)
	at org.ballerinalang.sql.datasource.SQLDatasource.<init>(SQLDatasource.java:55)
	at org.ballerinalang.sql.datasource.SQLDatasource.createAndInitDatasource(SQLDatasource.java:119)
	at org.ballerinalang.sql.datasource.SQLDatasource.lambda$retrieveDatasource$1(SQLDatasource.java:112)
	at java.util.concurrent.ConcurrentHashMap.computeIfAbsent(ConcurrentHashMap.java:1660)
	at org.ballerinalang.sql.datasource.SQLDatasource.retrieveDatasource(SQLDatasource.java:111)
	at org.ballerinalang.sql.utils.ClientUtils.createClient(ClientUtils.java:43)
	at org.ballerinalang.jdbc.NativeImpl.createClient(NativeImpl.java:75)
	at ballerina.java_jdbc.0_5_0.client.createClient(client.bal:147)
	at ballerina.java_jdbc.0_5_0.$value$Client.init(client.bal:44)
	at ballerina.java_jdbc.0_5_0.$value$Client.call(client.bal)
	at ballerina.java_jdbc.0_5_0.$value$Client.$init$(client.bal:22)
	at ballerina.java_jdbc.0_5_0.$value$Client.call(client.bal)
	at kapilraaj.restservice.0_1_0.restservice.$kapilraaj_restservice_0_1_0__init_0(restservice:4)
	at kapilraaj.restservice.0_1_0.$_init.$kapilraaj_restservice_0_1_0__init_(restservice:65535)
	at kapilraaj.restservice.0_1_0.$_init.$moduleInit(restservice)
	at sun.reflect.NativeMethodAccessorImpl.invoke0(Native Method)
	at sun.reflect.NativeMethodAccessorImpl.invoke(NativeMethodAccessorImpl.java:62)
	at sun.reflect.DelegatingMethodAccessorImpl.invoke(DelegatingMethodAccessorImpl.java:43)
	at java.lang.reflect.Method.invoke(Method.java:498)
	at org.ballerinalang.test.runtime.entity.TesterinaFunction.lambda$runOnSchedule$0(TesterinaFunction.java:109)
	at org.ballerinalang.jvm.scheduling.SchedulerItem.execute(Scheduler.java:500)
	at org.ballerinalang.jvm.scheduling.Scheduler.run(Scheduler.java:276)
	at org.ballerinalang.jvm.scheduling.Scheduler.runSafely(Scheduler.java:244)
	at java.lang.Thread.run(Thread.java:748)
 
[2020-10-29 09:47:48,833] SEVERE {b7a.log.crash} - error("Error in SQL connector configuration: Failed to get driver instance for jdbcUrl=jdbc:mysql://localhost:3306/CustomerDB?serverTimezone=UTC Caused by :No suitable driver") 
org.ballerinalang.jvm.util.exceptions.BallerinaException: error("Error in SQL connector configuration: Failed to get driver instance for jdbcUrl=jdbc:mysql://localhost:3306/CustomerDB?serverTimezone=UTC Caused by :No suitable driver")
	at org.ballerinalang.test.runtime.entity.TesterinaFunction.runOnSchedule(TesterinaFunction.java:122)
	at org.ballerinalang.test.runtime.entity.TesterinaFunction.invoke(TesterinaFunction.java:56)
	at org.ballerinalang.test.runtime.BTestRunner.startSuite(BTestRunner.java:559)
	at org.ballerinalang.test.runtime.BTestRunner.execute(BTestRunner.java:287)
	at org.ballerinalang.test.runtime.BTestRunner.runTest(BTestRunner.java:106)
	at org.ballerinalang.test.runtime.util.TesterinaUtils.executeTests(TesterinaUtils.java:74)
	at org.ballerinalang.test.runtime.Main.startTestSuit(Main.java:60)
	at org.ballerinalang.test.runtime.Main.main(Main.java:52)
Caused by: error("Error in SQL connector configuration: Failed to get driver instance for jdbcUrl=jdbc:mysql://localhost:3306/CustomerDB?serverTimezone=UTC Caused by :No suitable driver")
	at org.ballerinalang.jvm.api.BErrorCreator.createDistinctError(BErrorCreator.java:156)
	at org.ballerinalang.jvm.api.BErrorCreator.createDistinctError(BErrorCreator.java:141)
	at org.ballerinalang.sql.utils.ErrorGenerator.getSQLApplicationError(ErrorGenerator.java:65)
	at org.ballerinalang.sql.datasource.SQLDatasource.buildDataSource(SQLDatasource.java:242)
	at org.ballerinalang.sql.datasource.SQLDatasource.<init>(SQLDatasource.java:55)
	at org.ballerinalang.sql.datasource.SQLDatasource.createAndInitDatasource(SQLDatasource.java:119)
	at org.ballerinalang.sql.datasource.SQLDatasource.lambda$retrieveDatasource$1(SQLDatasource.java:112)
	at java.util.concurrent.ConcurrentHashMap.computeIfAbsent(ConcurrentHashMap.java:1660)
	at org.ballerinalang.sql.datasource.SQLDatasource.retrieveDatasource(SQLDatasource.java:111)
	at org.ballerinalang.sql.utils.ClientUtils.createClient(ClientUtils.java:43)
	at org.ballerinalang.jdbc.NativeImpl.createClient(NativeImpl.java:75)
	at ballerina.java_jdbc.0_5_0.client.createClient(client.bal:147)
	at ballerina.java_jdbc.0_5_0.$value$Client.init(client.bal:44)
	at ballerina.java_jdbc.0_5_0.$value$Client.call(client.bal)
	at ballerina.java_jdbc.0_5_0.$value$Client.$init$(client.bal:22)
	at ballerina.java_jdbc.0_5_0.$value$Client.call(client.bal)
	at kapilraaj.restservice.0_1_0.restservice.$kapilraaj_restservice_0_1_0__init_0(restservice:4)
	at kapilraaj.restservice.0_1_0.$_init.$kapilraaj_restservice_0_1_0__init_(restservice:65535)
	at kapilraaj.restservice.0_1_0.$_init.$moduleInit(restservice)
	at sun.reflect.NativeMethodAccessorImpl.invoke0(Native Method)
	at sun.reflect.NativeMethodAccessorImpl.invoke(NativeMethodAccessorImpl.java:62)
	at sun.reflect.DelegatingMethodAccessorImpl.invoke(DelegatingMethodAccessorImpl.java:43)
	at java.lang.reflect.Method.invoke(Method.java:498)
	at org.ballerinalang.test.runtime.entity.TesterinaFunction.lambda$runOnSchedule$0(TesterinaFunction.java:109)
	at org.ballerinalang.jvm.scheduling.SchedulerItem.execute(Scheduler.java:500)
	at org.ballerinalang.jvm.scheduling.Scheduler.run(Scheduler.java:276)
	at org.ballerinalang.jvm.scheduling.Scheduler.runSafely(Scheduler.java:244)
	at java.lang.Thread.run(Thread.java:748)
 
